<?xml version="1.0" encoding="UTF-8"?>
<testng-results ignored="0" total="1" passed="1" failed="0" skipped="0">
  <reporter-output>
  </reporter-output>
  <suite started-at="2023-07-13T13:08:09 AEST" name="Default suite" finished-at="2023-07-13T13:08:23 AEST" duration-ms="14145">
    <groups>
    </groups>
    <test started-at="2023-07-13T13:08:09 AEST" name="Default test" finished-at="2023-07-13T13:08:23 AEST" duration-ms="14145">
      <class name="com.testcode.appiumproject.scenarios">
        <test-method is-config="true" signature="configureAppium()[pri:0, instance:com.testcode.appiumproject.scenarios@6c4906d3]" started-at="2023-07-13T13:08:09 AEST" name="configureAppium" finished-at="2023-07-13T13:08:17 AEST" duration-ms="7906" status="PASS">
          <reporter-output>
          </reporter-output>
        </test-method> <!-- configureAppium -->
        <test-method signature="testScenarios()[pri:0, instance:com.testcode.appiumproject.scenarios@6c4906d3]" started-at="2023-07-13T13:08:17 AEST" name="testScenarios" finished-at="2023-07-13T13:08:23 AEST" duration-ms="5800" status="PASS">
          <reporter-output>
          </reporter-output>
        </test-method> <!-- testScenarios -->
        <test-method is-config="true" signature="tearDown()[pri:0, instance:com.testcode.appiumproject.scenarios@6c4906d3]" started-at="2023-07-13T13:08:23 AEST" name="tearDown" finished-at="2023-07-13T13:08:23 AEST" duration-ms="386" status="PASS">
          <reporter-output>
          </reporter-output>
        </test-method> <!-- tearDown -->
      </class> <!-- com.testcode.appiumproject.scenarios -->
    </test> <!-- Default test -->
  </suite> <!-- Default suite -->
</testng-results>
